[2021-06-12T20:44:42.924] [DEBUG] cheese - login => username:zs,password:123456
[2021-06-12T20:44:42.952] [DEBUG] cheese - zs
[2021-06-12T20:44:42.984] [DEBUG] cheese - { Error: ER_NO_SUCH_TABLE: Table 'mydb.sp_manager' doesn't exist
    at Query.Sequence._packetToError (D:\LJQ\shop\vue_api_server\node_modules\mysql\lib\protocol\sequences\Sequence.js:47:14)
    at Query.ErrorPacket (D:\LJQ\shop\vue_api_server\node_modules\mysql\lib\protocol\sequences\Query.js:79:18)
    at Protocol._parsePacket (D:\LJQ\shop\vue_api_server\node_modules\mysql\lib\protocol\Protocol.js:291:23)
    at Parser._parsePacket (D:\LJQ\shop\vue_api_server\node_modules\mysql\lib\protocol\Parser.js:433:10)
    at Parser.write (D:\LJQ\shop\vue_api_server\node_modules\mysql\lib\protocol\Parser.js:43:10)
    at Protocol.write (D:\LJQ\shop\vue_api_server\node_modules\mysql\lib\protocol\Protocol.js:38:16)
    at Socket.<anonymous> (D:\LJQ\shop\vue_api_server\node_modules\mysql\lib\Connection.js:88:28)
    at Socket.<anonymous> (D:\LJQ\shop\vue_api_server\node_modules\mysql\lib\Connection.js:526:10)
    at Socket.emit (events.js:182:13)
    at addChunk (_stream_readable.js:283:12)
    at readableAddChunk (_stream_readable.js:264:11)
    at Socket.Readable.push (_stream_readable.js:219:10)
    at TCP.onread (net.js:639:20)
    --------------------
    at Protocol._enqueue (D:\LJQ\shop\vue_api_server\node_modules\mysql\lib\protocol\Protocol.js:144:48)
    at PoolConnection.query (D:\LJQ\shop\vue_api_server\node_modules\mysql\lib\Connection.js:198:25)
    at D:\LJQ\shop\vue_api_server\node_modules\orm\lib\Drivers\DML\mysql.js:231:9
    at Ping.onOperationComplete (D:\LJQ\shop\vue_api_server\node_modules\mysql\lib\Pool.js:110:5)
    at Ping.<anonymous> (D:\LJQ\shop\vue_api_server\node_modules\mysql\lib\Connection.js:526:10)
    at Ping._callback (D:\LJQ\shop\vue_api_server\node_modules\mysql\lib\Connection.js:488:16)
    at Ping.Sequence.end (D:\LJQ\shop\vue_api_server\node_modules\mysql\lib\protocol\sequences\Sequence.js:83:24)
    at Ping.Sequence.OkPacket (D:\LJQ\shop\vue_api_server\node_modules\mysql\lib\protocol\sequences\Sequence.js:92:8)
    at Protocol._parsePacket (D:\LJQ\shop\vue_api_server\node_modules\mysql\lib\protocol\Protocol.js:291:23)
    at Parser._parsePacket (D:\LJQ\shop\vue_api_server\node_modules\mysql\lib\protocol\Parser.js:433:10)
    at Parser.write (D:\LJQ\shop\vue_api_server\node_modules\mysql\lib\protocol\Parser.js:43:10)
    at Protocol.write (D:\LJQ\shop\vue_api_server\node_modules\mysql\lib\protocol\Protocol.js:38:16)
    at Socket.<anonymous> (D:\LJQ\shop\vue_api_server\node_modules\mysql\lib\Connection.js:88:28)
    at Socket.<anonymous> (D:\LJQ\shop\vue_api_server\node_modules\mysql\lib\Connection.js:526:10)
    at Socket.emit (events.js:182:13)
    at addChunk (_stream_readable.js:283:12)
  code: 'ER_NO_SUCH_TABLE',
  errno: 1146,
  sqlMessage: 'Table \'mydb.sp_manager\' doesn\'t exist',
  sqlState: '42S02',
  index: 0,
  sql:
   'SELECT `mg_id`, `mg_name`, `mg_pwd`, `mg_time`, `role_id`, `mg_mobile`, `mg_email`, `mg_state` FROM `sp_manager` WHERE `mg_name` = \'zs\' LIMIT 1' }
[2021-06-12T20:44:43.007] [DEBUG] cheese - 查询失败
[2021-06-12T20:45:57.805] [DEBUG] cheese - login => username:admin,password:123456
[2021-06-12T20:45:57.805] [DEBUG] cheese - admin
[2021-06-12T20:45:57.817] [DEBUG] cheese - { Error: ER_NO_SUCH_TABLE: Table 'mydb.sp_manager' doesn't exist
    at Query.Sequence._packetToError (D:\LJQ\shop\vue_api_server\node_modules\mysql\lib\protocol\sequences\Sequence.js:47:14)
    at Query.ErrorPacket (D:\LJQ\shop\vue_api_server\node_modules\mysql\lib\protocol\sequences\Query.js:79:18)
    at Protocol._parsePacket (D:\LJQ\shop\vue_api_server\node_modules\mysql\lib\protocol\Protocol.js:291:23)
    at Parser._parsePacket (D:\LJQ\shop\vue_api_server\node_modules\mysql\lib\protocol\Parser.js:433:10)
    at Parser.write (D:\LJQ\shop\vue_api_server\node_modules\mysql\lib\protocol\Parser.js:43:10)
    at Protocol.write (D:\LJQ\shop\vue_api_server\node_modules\mysql\lib\protocol\Protocol.js:38:16)
    at Socket.<anonymous> (D:\LJQ\shop\vue_api_server\node_modules\mysql\lib\Connection.js:88:28)
    at Socket.<anonymous> (D:\LJQ\shop\vue_api_server\node_modules\mysql\lib\Connection.js:526:10)
    at Socket.emit (events.js:182:13)
    at addChunk (_stream_readable.js:283:12)
    at readableAddChunk (_stream_readable.js:264:11)
    at Socket.Readable.push (_stream_readable.js:219:10)
    at TCP.onread (net.js:639:20)
    --------------------
    at Protocol._enqueue (D:\LJQ\shop\vue_api_server\node_modules\mysql\lib\protocol\Protocol.js:144:48)
    at PoolConnection.query (D:\LJQ\shop\vue_api_server\node_modules\mysql\lib\Connection.js:198:25)
    at D:\LJQ\shop\vue_api_server\node_modules\orm\lib\Drivers\DML\mysql.js:231:9
    at Ping.onOperationComplete (D:\LJQ\shop\vue_api_server\node_modules\mysql\lib\Pool.js:110:5)
    at Ping.<anonymous> (D:\LJQ\shop\vue_api_server\node_modules\mysql\lib\Connection.js:526:10)
    at Ping._callback (D:\LJQ\shop\vue_api_server\node_modules\mysql\lib\Connection.js:488:16)
    at Ping.Sequence.end (D:\LJQ\shop\vue_api_server\node_modules\mysql\lib\protocol\sequences\Sequence.js:83:24)
    at Ping.Sequence.OkPacket (D:\LJQ\shop\vue_api_server\node_modules\mysql\lib\protocol\sequences\Sequence.js:92:8)
    at Protocol._parsePacket (D:\LJQ\shop\vue_api_server\node_modules\mysql\lib\protocol\Protocol.js:291:23)
    at Parser._parsePacket (D:\LJQ\shop\vue_api_server\node_modules\mysql\lib\protocol\Parser.js:433:10)
    at Parser.write (D:\LJQ\shop\vue_api_server\node_modules\mysql\lib\protocol\Parser.js:43:10)
    at Protocol.write (D:\LJQ\shop\vue_api_server\node_modules\mysql\lib\protocol\Protocol.js:38:16)
    at Socket.<anonymous> (D:\LJQ\shop\vue_api_server\node_modules\mysql\lib\Connection.js:88:28)
    at Socket.<anonymous> (D:\LJQ\shop\vue_api_server\node_modules\mysql\lib\Connection.js:526:10)
    at Socket.emit (events.js:182:13)
    at addChunk (_stream_readable.js:283:12)
  code: 'ER_NO_SUCH_TABLE',
  errno: 1146,
  sqlMessage: 'Table \'mydb.sp_manager\' doesn\'t exist',
  sqlState: '42S02',
  index: 0,
  sql:
   'SELECT `mg_id`, `mg_name`, `mg_pwd`, `mg_time`, `role_id`, `mg_mobile`, `mg_email`, `mg_state` FROM `sp_manager` WHERE `mg_name` = \'admin\' LIMIT 1' }
[2021-06-12T20:45:57.818] [DEBUG] cheese - 查询失败
[2021-06-12T20:46:10.745] [DEBUG] cheese - login => username:admin,password:123456
[2021-06-12T20:46:10.745] [DEBUG] cheese - admin
[2021-06-12T20:46:10.758] [DEBUG] cheese - { Error: ER_NO_SUCH_TABLE: Table 'mydb.sp_manager' doesn't exist
    at Query.Sequence._packetToError (D:\LJQ\shop\vue_api_server\node_modules\mysql\lib\protocol\sequences\Sequence.js:47:14)
    at Query.ErrorPacket (D:\LJQ\shop\vue_api_server\node_modules\mysql\lib\protocol\sequences\Query.js:79:18)
    at Protocol._parsePacket (D:\LJQ\shop\vue_api_server\node_modules\mysql\lib\protocol\Protocol.js:291:23)
    at Parser._parsePacket (D:\LJQ\shop\vue_api_server\node_modules\mysql\lib\protocol\Parser.js:433:10)
    at Parser.write (D:\LJQ\shop\vue_api_server\node_modules\mysql\lib\protocol\Parser.js:43:10)
    at Protocol.write (D:\LJQ\shop\vue_api_server\node_modules\mysql\lib\protocol\Protocol.js:38:16)
    at Socket.<anonymous> (D:\LJQ\shop\vue_api_server\node_modules\mysql\lib\Connection.js:88:28)
    at Socket.<anonymous> (D:\LJQ\shop\vue_api_server\node_modules\mysql\lib\Connection.js:526:10)
    at Socket.emit (events.js:182:13)
    at addChunk (_stream_readable.js:283:12)
    at readableAddChunk (_stream_readable.js:264:11)
    at Socket.Readable.push (_stream_readable.js:219:10)
    at TCP.onread (net.js:639:20)
    --------------------
    at Protocol._enqueue (D:\LJQ\shop\vue_api_server\node_modules\mysql\lib\protocol\Protocol.js:144:48)
    at PoolConnection.query (D:\LJQ\shop\vue_api_server\node_modules\mysql\lib\Connection.js:198:25)
    at D:\LJQ\shop\vue_api_server\node_modules\orm\lib\Drivers\DML\mysql.js:231:9
    at Ping.onOperationComplete (D:\LJQ\shop\vue_api_server\node_modules\mysql\lib\Pool.js:110:5)
    at Ping.<anonymous> (D:\LJQ\shop\vue_api_server\node_modules\mysql\lib\Connection.js:526:10)
    at Ping._callback (D:\LJQ\shop\vue_api_server\node_modules\mysql\lib\Connection.js:488:16)
    at Ping.Sequence.end (D:\LJQ\shop\vue_api_server\node_modules\mysql\lib\protocol\sequences\Sequence.js:83:24)
    at Ping.Sequence.OkPacket (D:\LJQ\shop\vue_api_server\node_modules\mysql\lib\protocol\sequences\Sequence.js:92:8)
    at Protocol._parsePacket (D:\LJQ\shop\vue_api_server\node_modules\mysql\lib\protocol\Protocol.js:291:23)
    at Parser._parsePacket (D:\LJQ\shop\vue_api_server\node_modules\mysql\lib\protocol\Parser.js:433:10)
    at Parser.write (D:\LJQ\shop\vue_api_server\node_modules\mysql\lib\protocol\Parser.js:43:10)
    at Protocol.write (D:\LJQ\shop\vue_api_server\node_modules\mysql\lib\protocol\Protocol.js:38:16)
    at Socket.<anonymous> (D:\LJQ\shop\vue_api_server\node_modules\mysql\lib\Connection.js:88:28)
    at Socket.<anonymous> (D:\LJQ\shop\vue_api_server\node_modules\mysql\lib\Connection.js:526:10)
    at Socket.emit (events.js:182:13)
    at addChunk (_stream_readable.js:283:12)
  code: 'ER_NO_SUCH_TABLE',
  errno: 1146,
  sqlMessage: 'Table \'mydb.sp_manager\' doesn\'t exist',
  sqlState: '42S02',
  index: 0,
  sql:
   'SELECT `mg_id`, `mg_name`, `mg_pwd`, `mg_time`, `role_id`, `mg_mobile`, `mg_email`, `mg_state` FROM `sp_manager` WHERE `mg_name` = \'admin\' LIMIT 1' }
[2021-06-12T20:46:10.762] [DEBUG] cheese - 查询失败
[2021-06-12T21:46:35.424] [DEBUG] cheese - login => username:admin,password:123456
[2021-06-12T21:46:35.429] [DEBUG] cheese - admin
[2021-06-12T21:46:35.454] [DEBUG] cheese - null
[2021-06-12T21:46:35.455] [DEBUG] cheese - null
[2021-06-13T21:44:42.420] [DEBUG] cheese - login => username:zs,password:123456
[2021-06-13T21:44:42.430] [DEBUG] cheese - zs
[2021-06-13T21:44:42.571] [DEBUG] cheese - null
[2021-06-13T21:44:42.576] [DEBUG] cheese - null
[2021-06-13T21:45:47.936] [DEBUG] cheese - login => username:admin,password:123456
[2021-06-13T21:45:47.937] [DEBUG] cheese - admin
[2021-06-13T21:45:47.963] [DEBUG] cheese - null
[2021-06-13T21:45:47.964] [DEBUG] cheese - null
[2021-06-13T21:50:40.327] [DEBUG] cheese - login => username:admin,password:123456
[2021-06-13T21:50:40.328] [DEBUG] cheese - admin
[2021-06-13T21:50:40.338] [DEBUG] cheese - null
[2021-06-13T21:50:40.338] [DEBUG] cheese - null
[2021-06-13T21:53:50.851] [DEBUG] cheese - login => username:admin123,password:123456
[2021-06-13T21:53:50.852] [DEBUG] cheese - admin123
[2021-06-13T21:53:50.866] [DEBUG] cheese - null
[2021-06-13T21:53:50.867] [DEBUG] cheese - null
[2021-06-13T21:55:13.766] [DEBUG] cheese - login => username:admin,password:123456
[2021-06-13T21:55:13.767] [DEBUG] cheese - admin
[2021-06-13T21:55:13.779] [DEBUG] cheese - null
[2021-06-13T21:55:13.779] [DEBUG] cheese - null
[2021-06-13T21:57:25.821] [DEBUG] cheese - login => username:admin12,password:123456
[2021-06-13T21:57:25.821] [DEBUG] cheese - admin12
[2021-06-13T21:57:25.837] [DEBUG] cheese - null
[2021-06-13T21:57:25.837] [DEBUG] cheese - null
[2021-06-13T21:57:49.049] [DEBUG] cheese - login => username:admin12,password:123456
[2021-06-13T21:57:49.050] [DEBUG] cheese - admin12
[2021-06-13T21:57:49.057] [DEBUG] cheese - null
[2021-06-13T21:57:49.057] [DEBUG] cheese - null
[2021-06-13T21:58:52.805] [DEBUG] cheese - login => username:admin123,password:123456
[2021-06-13T21:58:52.806] [DEBUG] cheese - admin123
[2021-06-13T21:58:52.827] [DEBUG] cheese - null
[2021-06-13T21:58:52.827] [DEBUG] cheese - null
[2021-06-13T21:58:58.062] [DEBUG] cheese - login => username:admin,password:123456
[2021-06-13T21:58:58.063] [DEBUG] cheese - admin
[2021-06-13T21:58:58.074] [DEBUG] cheese - null
[2021-06-13T21:58:58.075] [DEBUG] cheese - null
[2021-06-13T22:22:23.639] [DEBUG] cheese - login => username:admin12,password:123456
[2021-06-13T22:22:23.639] [DEBUG] cheese - admin12
[2021-06-13T22:22:23.655] [DEBUG] cheese - null
[2021-06-13T22:22:23.656] [DEBUG] cheese - null
[2021-06-13T22:23:46.218] [DEBUG] cheese - login => username:admin,password:1234556
[2021-06-13T22:23:46.218] [DEBUG] cheese - admin
[2021-06-13T22:23:46.264] [DEBUG] cheese - null
[2021-06-13T22:23:46.264] [DEBUG] cheese - null
[2021-06-13T22:23:47.156] [DEBUG] cheese - login => username:admin,password:1234556
[2021-06-13T22:23:47.156] [DEBUG] cheese - admin
[2021-06-13T22:23:47.170] [DEBUG] cheese - null
[2021-06-13T22:23:47.170] [DEBUG] cheese - null
[2021-06-13T22:23:53.902] [DEBUG] cheese - login => username:admin,password:123456
[2021-06-13T22:23:53.903] [DEBUG] cheese - admin
[2021-06-13T22:23:53.915] [DEBUG] cheese - null
[2021-06-13T22:23:53.916] [DEBUG] cheese - null
[2021-06-13T22:35:52.703] [DEBUG] cheese - login => username:admin,password:123456
[2021-06-13T22:35:52.703] [DEBUG] cheese - admin
[2021-06-13T22:35:52.718] [DEBUG] cheese - null
[2021-06-13T22:35:52.719] [DEBUG] cheese - null
[2021-06-13T22:40:56.845] [DEBUG] cheese - login => username:admin,password:123456
[2021-06-13T22:40:56.845] [DEBUG] cheese - admin
[2021-06-13T22:40:56.875] [DEBUG] cheese - null
[2021-06-13T22:40:56.875] [DEBUG] cheese - null
[2021-06-14T12:20:40.499] [DEBUG] cheese - login => username:admin,password:123456
[2021-06-14T12:20:40.508] [DEBUG] cheese - admin
[2021-06-14T12:20:40.550] [DEBUG] cheese - null
[2021-06-14T12:20:40.554] [DEBUG] cheese - null
[2021-06-14T13:16:43.150] [DEBUG] cheese - login => username:admin,password:123456
[2021-06-14T13:16:43.152] [DEBUG] cheese - admin
[2021-06-14T13:16:43.221] [DEBUG] cheese - null
[2021-06-14T13:16:43.222] [DEBUG] cheese - null
[2021-06-14T13:19:03.438] [DEBUG] cheese - login => username:admin,password:123456
[2021-06-14T13:19:03.439] [DEBUG] cheese - admin
[2021-06-14T13:19:03.446] [DEBUG] cheese - null
[2021-06-14T13:19:03.446] [DEBUG] cheese - null
[2021-06-14T13:19:44.580] [DEBUG] cheese - login => username:admin,password:123456
[2021-06-14T13:19:44.581] [DEBUG] cheese - admin
[2021-06-14T13:19:44.602] [DEBUG] cheese - null
[2021-06-14T13:19:44.603] [DEBUG] cheese - null
[2021-06-14T13:29:21.465] [DEBUG] cheese - login => username:admin,password:123456
[2021-06-14T13:29:21.466] [DEBUG] cheese - admin
[2021-06-14T13:29:21.477] [DEBUG] cheese - null
[2021-06-14T13:29:21.477] [DEBUG] cheese - null
[2021-06-14T13:34:06.737] [DEBUG] cheese - login => username:admin,password:123456
[2021-06-14T13:34:06.738] [DEBUG] cheese - admin
[2021-06-14T13:34:06.747] [DEBUG] cheese - null
[2021-06-14T13:34:06.747] [DEBUG] cheese - null
[2021-06-14T14:05:53.042] [DEBUG] cheese - login => username:admin,password:123456
[2021-06-14T14:05:53.043] [DEBUG] cheese - admin
[2021-06-14T14:05:53.062] [DEBUG] cheese - null
[2021-06-14T14:05:53.063] [DEBUG] cheese - null
[2021-06-14T14:20:52.215] [DEBUG] cheese - login => username:admin,password:123456
[2021-06-14T14:20:52.216] [DEBUG] cheese - admin
[2021-06-14T14:20:52.232] [DEBUG] cheese - null
[2021-06-14T14:20:52.232] [DEBUG] cheese - null
[2021-06-14T14:39:10.535] [DEBUG] cheese - login => username:admin,password:123456
[2021-06-14T14:39:10.536] [DEBUG] cheese - admin
[2021-06-14T14:39:10.579] [DEBUG] cheese - null
[2021-06-14T14:39:10.579] [DEBUG] cheese - null
[2021-06-14T16:24:35.954] [DEBUG] cheese - login => username:admin,password:123456
[2021-06-14T16:24:35.959] [DEBUG] cheese - admin
[2021-06-14T16:24:36.135] [DEBUG] cheese - null
[2021-06-14T16:24:36.136] [DEBUG] cheese - null
[2021-06-14T16:26:08.736] [DEBUG] cheese - login => username:admin,password:123456
[2021-06-14T16:26:08.736] [DEBUG] cheese - admin
[2021-06-14T16:26:08.744] [DEBUG] cheese - null
[2021-06-14T16:26:08.744] [DEBUG] cheese - null
[2021-06-14T16:26:25.774] [DEBUG] cheese - login => username:admin,password:123456
[2021-06-14T16:26:25.774] [DEBUG] cheese - admin
[2021-06-14T16:26:25.807] [DEBUG] cheese - null
[2021-06-14T16:26:25.807] [DEBUG] cheese - null
[2021-06-14T16:26:37.218] [DEBUG] cheese - login => username:admin,password:123456
[2021-06-14T16:26:37.219] [DEBUG] cheese - admin
[2021-06-14T16:26:37.228] [DEBUG] cheese - null
[2021-06-14T16:26:37.228] [DEBUG] cheese - null
[2021-06-20T15:10:20.066] [DEBUG] cheese - login => username:admin,password:123456
[2021-06-20T15:10:20.075] [DEBUG] cheese - admin
[2021-06-20T15:10:20.121] [DEBUG] cheese - null
[2021-06-20T15:10:20.124] [DEBUG] cheese - null
[2021-06-20T15:10:30.901] [DEBUG] cheese - login => username:admin,password:123456
[2021-06-20T15:10:30.901] [DEBUG] cheese - admin
[2021-06-20T15:10:30.910] [DEBUG] cheese - null
[2021-06-20T15:10:30.910] [DEBUG] cheese - null
[2021-06-20T15:10:49.771] [DEBUG] cheese - login => username:admin,password:123456
[2021-06-20T15:10:49.771] [DEBUG] cheese - admin
[2021-06-20T15:10:49.781] [DEBUG] cheese - null
[2021-06-20T15:10:49.781] [DEBUG] cheese - null
[2021-06-20T15:19:01.045] [DEBUG] cheese - login => username:admin,password:123456
[2021-06-20T15:19:01.045] [DEBUG] cheese - admin
[2021-06-20T15:19:01.055] [DEBUG] cheese - null
[2021-06-20T15:19:01.055] [DEBUG] cheese - null
[2021-06-20T16:45:06.571] [DEBUG] cheese - login => username:admin,password:123456
[2021-06-20T16:45:06.575] [DEBUG] cheese - admin
[2021-06-20T16:45:06.619] [DEBUG] cheese - null
[2021-06-20T16:45:06.619] [DEBUG] cheese - null
[2021-06-20T18:12:21.736] [DEBUG] cheese - login => username:admin,password:123456
[2021-06-20T18:12:21.740] [DEBUG] cheese - admin
[2021-06-20T18:12:21.768] [DEBUG] cheese - null
[2021-06-20T18:12:21.768] [DEBUG] cheese - null
[2021-06-20T19:11:22.541] [DEBUG] cheese - login => username:admin,password:123456
[2021-06-20T19:11:22.542] [DEBUG] cheese - admin
[2021-06-20T19:11:22.566] [DEBUG] cheese - null
[2021-06-20T19:11:22.566] [DEBUG] cheese - null
[2021-06-21T13:58:59.341] [DEBUG] cheese - login => username:admin,password:123456
[2021-06-21T13:58:59.344] [DEBUG] cheese - admin
[2021-06-21T13:58:59.375] [DEBUG] cheese - null
[2021-06-21T13:58:59.378] [DEBUG] cheese - null
[2021-06-21T14:00:01.021] [DEBUG] cheese - login => username:admin,password:123456
[2021-06-21T14:00:01.021] [DEBUG] cheese - admin
[2021-06-21T14:00:01.061] [DEBUG] cheese - null
[2021-06-21T14:00:01.061] [DEBUG] cheese - null
[2021-06-21T14:54:51.094] [DEBUG] cheese - login => username:admin,password:123456
[2021-06-21T14:54:51.106] [DEBUG] cheese - admin
[2021-06-21T14:54:51.171] [DEBUG] cheese - null
[2021-06-21T14:54:51.171] [DEBUG] cheese - null
[2021-06-21T15:00:12.997] [DEBUG] cheese - login => username:admin,password:123456
[2021-06-21T15:00:12.997] [DEBUG] cheese - admin
[2021-06-21T15:00:13.019] [DEBUG] cheese - null
[2021-06-21T15:00:13.019] [DEBUG] cheese - null
[2021-06-21T15:17:32.380] [DEBUG] cheese - login => username:admin,password:123456
[2021-06-21T15:17:32.381] [DEBUG] cheese - admin
[2021-06-21T15:17:32.416] [DEBUG] cheese - null
[2021-06-21T15:17:32.416] [DEBUG] cheese - null
[2021-06-21T15:37:38.840] [DEBUG] cheese - login => username:admin,password:123456
[2021-06-21T15:37:38.840] [DEBUG] cheese - admin
[2021-06-21T15:37:38.858] [DEBUG] cheese - null
[2021-06-21T15:37:38.858] [DEBUG] cheese - null
[2021-06-22T14:17:55.013] [DEBUG] cheese - login => username:admin,password:123456
[2021-06-22T14:17:55.020] [DEBUG] cheese - admin
[2021-06-22T14:17:55.068] [DEBUG] cheese - null
[2021-06-22T14:17:55.071] [DEBUG] cheese - null
[2021-06-22T14:20:17.304] [DEBUG] cheese - login => username:admin,password:123456
[2021-06-22T14:20:17.304] [DEBUG] cheese - admin
[2021-06-22T14:20:17.314] [DEBUG] cheese - null
[2021-06-22T14:20:17.314] [DEBUG] cheese - null
[2021-06-22T14:20:17.909] [DEBUG] cheese - login => username:admin,password:123456
[2021-06-22T14:20:17.911] [DEBUG] cheese - admin
[2021-06-22T14:20:17.920] [DEBUG] cheese - null
[2021-06-22T14:20:17.920] [DEBUG] cheese - null
[2021-06-22T14:31:20.493] [DEBUG] cheese - login => username:admin,password:123456
[2021-06-22T14:31:20.493] [DEBUG] cheese - admin
[2021-06-22T14:31:20.506] [DEBUG] cheese - null
[2021-06-22T14:31:20.506] [DEBUG] cheese - null
[2021-06-22T14:43:39.047] [DEBUG] cheese - login => username:admin,password:123456
[2021-06-22T14:43:39.048] [DEBUG] cheese - admin
[2021-06-22T14:43:39.055] [DEBUG] cheese - null
[2021-06-22T14:43:39.055] [DEBUG] cheese - null
[2021-06-22T21:48:39.684] [DEBUG] cheese - login => username:admin,password:123456
[2021-06-22T21:48:39.689] [DEBUG] cheese - admin
[2021-06-22T21:48:39.719] [DEBUG] cheese - null
[2021-06-22T21:48:39.720] [DEBUG] cheese - null
[2021-06-23T20:35:20.322] [DEBUG] cheese - login => username:admin,password:123456
[2021-06-23T20:35:20.329] [DEBUG] cheese - admin
[2021-06-23T20:35:20.414] [DEBUG] cheese - null
[2021-06-23T20:35:20.418] [DEBUG] cheese - null
[2021-06-24T15:43:05.057] [DEBUG] cheese - login => username:admin,password:123456
[2021-06-24T15:43:05.063] [DEBUG] cheese - admin
[2021-06-24T15:43:05.134] [DEBUG] cheese - null
[2021-06-24T15:43:05.139] [DEBUG] cheese - null
[2021-06-26T13:33:09.539] [DEBUG] cheese - login => username:admin,password:1234456
[2021-06-26T13:33:09.548] [DEBUG] cheese - admin
[2021-06-26T13:33:09.600] [DEBUG] cheese - null
[2021-06-26T13:33:09.604] [DEBUG] cheese - null
[2021-06-26T13:33:20.519] [DEBUG] cheese - login => username:admin,password:123456
[2021-06-26T13:33:20.520] [DEBUG] cheese - admin
[2021-06-26T13:33:20.530] [DEBUG] cheese - null
[2021-06-26T13:33:20.530] [DEBUG] cheese - null
[2021-06-26T20:19:48.424] [DEBUG] cheese - login => username:admin,password:123456
[2021-06-26T20:19:48.432] [DEBUG] cheese - admin
[2021-06-26T20:19:48.483] [DEBUG] cheese - null
[2021-06-26T20:19:48.484] [DEBUG] cheese - null
[2021-06-26T20:42:26.881] [DEBUG] cheese - login => username:lijiaquan,password:21jiaquan25
[2021-06-26T20:42:26.882] [DEBUG] cheese - lijiaquan
[2021-06-26T20:42:26.898] [DEBUG] cheese - null
[2021-06-26T20:42:26.902] [DEBUG] cheese - null
[2021-06-26T20:42:43.229] [DEBUG] cheese - login => username:lijiaquan,password:21jiaquan25
[2021-06-26T20:42:43.229] [DEBUG] cheese - lijiaquan
[2021-06-26T20:42:43.251] [DEBUG] cheese - null
[2021-06-26T20:42:43.252] [DEBUG] cheese - null
[2021-06-26T20:42:43.454] [DEBUG] cheese - login => username:lijiaquan,password:21jiaquan25
[2021-06-26T20:42:43.454] [DEBUG] cheese - lijiaquan
[2021-06-26T20:42:43.464] [DEBUG] cheese - null
[2021-06-26T20:42:43.464] [DEBUG] cheese - null
[2021-06-26T20:42:57.260] [DEBUG] cheese - login => username:admin,password:123456
[2021-06-26T20:42:57.260] [DEBUG] cheese - admin
[2021-06-26T20:42:57.270] [DEBUG] cheese - null
[2021-06-26T20:42:57.270] [DEBUG] cheese - null
[2021-06-26T20:43:49.668] [DEBUG] cheese - login => username:linken,password:123123123
[2021-06-26T20:43:49.668] [DEBUG] cheese - linken
[2021-06-26T20:43:49.690] [DEBUG] cheese - null
[2021-06-26T20:43:49.690] [DEBUG] cheese - null
[2021-06-26T20:43:59.812] [DEBUG] cheese - login => username:admin,password:123456
[2021-06-26T20:43:59.813] [DEBUG] cheese - admin
[2021-06-26T20:43:59.828] [DEBUG] cheese - null
[2021-06-26T20:43:59.828] [DEBUG] cheese - null
[2021-06-30T14:27:51.837] [DEBUG] cheese - login => username:admin,password:123456
[2021-06-30T14:27:51.844] [DEBUG] cheese - admin
[2021-06-30T14:27:51.907] [DEBUG] cheese - null
[2021-06-30T14:27:51.911] [DEBUG] cheese - null
[2021-06-30T16:38:21.821] [DEBUG] cheese - login => username:admin,password:123456
[2021-06-30T16:38:21.838] [DEBUG] cheese - admin
[2021-06-30T16:38:21.860] [DEBUG] cheese - null
[2021-06-30T16:38:21.861] [DEBUG] cheese - null
[2021-07-10T10:14:54.874] [DEBUG] cheese - login => username:admin,password:123456
[2021-07-10T10:14:54.888] [DEBUG] cheese - admin
[2021-07-10T10:14:54.991] [DEBUG] cheese - null
[2021-07-10T10:14:54.995] [DEBUG] cheese - null
[2021-07-10T15:02:44.732] [DEBUG] cheese - login => username:admin,password:123456
[2021-07-10T15:02:44.740] [DEBUG] cheese - admin
[2021-07-10T15:02:44.828] [DEBUG] cheese - null
[2021-07-10T15:02:44.829] [DEBUG] cheese - null
[2021-07-10T15:04:21.423] [DEBUG] cheese - login => username:admin,password:123456
[2021-07-10T15:04:21.430] [DEBUG] cheese - admin
[2021-07-10T15:04:21.463] [DEBUG] cheese - login => username:admin,password:123456
[2021-07-10T15:04:21.463] [DEBUG] cheese - admin
[2021-07-10T15:04:21.485] [DEBUG] cheese - null
[2021-07-10T15:04:21.488] [DEBUG] cheese - null
[2021-07-10T15:04:22.066] [DEBUG] cheese - null
[2021-07-10T15:04:22.066] [DEBUG] cheese - null
[2021-07-10T15:04:53.166] [DEBUG] cheese - login => username:admin,password:123456
[2021-07-10T15:04:53.167] [DEBUG] cheese - admin
[2021-07-10T15:04:53.176] [DEBUG] cheese - null
[2021-07-10T15:04:53.177] [DEBUG] cheese - null
[2021-07-10T15:22:33.398] [DEBUG] cheese - login => username:admin,password:123456
[2021-07-10T15:22:33.398] [DEBUG] cheese - admin
[2021-07-10T15:22:33.415] [DEBUG] cheese - null
[2021-07-10T15:22:33.415] [DEBUG] cheese - null
[2021-07-10T16:05:47.516] [DEBUG] cheese - login => username:admin,password:123456
[2021-07-10T16:05:47.517] [DEBUG] cheese - admin
[2021-07-10T16:05:47.547] [DEBUG] cheese - null
[2021-07-10T16:05:47.548] [DEBUG] cheese - null
[2021-07-10T16:29:24.790] [DEBUG] cheese - login => username:lijiaquan,password:21jiaquan25
[2021-07-10T16:29:24.791] [DEBUG] cheese - lijiaquan
[2021-07-10T16:29:24.811] [DEBUG] cheese - null
[2021-07-10T16:29:24.811] [DEBUG] cheese - null
[2021-07-10T16:29:25.807] [DEBUG] cheese - login => username:lijiaquan,password:21jiaquan25
[2021-07-10T16:29:25.808] [DEBUG] cheese - lijiaquan
[2021-07-10T16:29:25.818] [DEBUG] cheese - null
[2021-07-10T16:29:25.818] [DEBUG] cheese - null
[2021-07-10T16:30:36.909] [DEBUG] cheese - login => username:admin,password:123456
[2021-07-10T16:30:36.909] [DEBUG] cheese - admin
[2021-07-10T16:30:36.930] [DEBUG] cheese - null
[2021-07-10T16:30:36.930] [DEBUG] cheese - null
[2021-07-11T11:51:59.551] [DEBUG] cheese - login => username:admin,password:123456
[2021-07-11T11:51:59.560] [DEBUG] cheese - admin
[2021-07-11T11:51:59.615] [DEBUG] cheese - null
[2021-07-11T11:51:59.619] [DEBUG] cheese - null
[2021-07-11T20:44:03.202] [DEBUG] cheese - null
[2021-07-11T20:50:31.673] [DEBUG] cheese - null
[2021-07-11T20:55:52.641] [DEBUG] cheese - null
[2021-07-11T20:56:02.421] [DEBUG] cheese - null
[2021-07-12T12:42:18.985] [DEBUG] cheese - login => username:admin,password:123456
[2021-07-12T12:42:18.993] [DEBUG] cheese - admin
[2021-07-12T12:42:19.044] [DEBUG] cheese - null
[2021-07-12T12:42:19.048] [DEBUG] cheese - null
[2021-07-13T13:19:04.149] [DEBUG] cheese - login => username:admin,password:123456
[2021-07-13T13:19:04.160] [DEBUG] cheese - admin
[2021-07-13T13:19:04.208] [DEBUG] cheese - null
[2021-07-13T13:19:04.211] [DEBUG] cheese - null
[2021-07-14T12:39:23.699] [DEBUG] cheese - login => username:admin,password:123456
[2021-07-14T12:39:23.707] [DEBUG] cheese - admin
[2021-07-14T12:39:23.777] [DEBUG] cheese - null
[2021-07-14T12:39:23.781] [DEBUG] cheese - null
[2021-07-14T15:17:28.338] [DEBUG] cheese - login => username:admin,password:123456
[2021-07-14T15:17:28.344] [DEBUG] cheese - admin
[2021-07-14T15:17:28.430] [DEBUG] cheese - null
[2021-07-14T15:17:28.433] [DEBUG] cheese - null
[2021-07-15T12:59:21.577] [DEBUG] cheese - login => username:admin,password:123456
[2021-07-15T12:59:21.585] [DEBUG] cheese - admin
[2021-07-15T12:59:21.651] [DEBUG] cheese - null
[2021-07-15T12:59:21.653] [DEBUG] cheese - null
[2021-07-15T19:38:44.508] [DEBUG] cheese - login => username:admin,password:123456
[2021-07-15T19:38:44.514] [DEBUG] cheese - admin
[2021-07-15T19:38:44.549] [DEBUG] cheese - null
[2021-07-15T19:38:44.550] [DEBUG] cheese - null
[2021-07-16T13:07:47.116] [DEBUG] cheese - login => username:admin,password:123456
[2021-07-16T13:07:47.124] [DEBUG] cheese - admin
[2021-07-16T13:07:47.174] [DEBUG] cheese - null
[2021-07-16T13:07:47.176] [DEBUG] cheese - null
[2021-07-16T20:11:52.227] [DEBUG] cheese - login => username:admin,password:123456
[2021-07-16T20:11:52.233] [DEBUG] cheese - admin
[2021-07-16T20:11:52.273] [DEBUG] cheese - null
[2021-07-16T20:11:52.274] [DEBUG] cheese - null
[2021-07-16T20:11:52.842] [DEBUG] cheese - login => username:admin,password:123456
[2021-07-16T20:11:52.842] [DEBUG] cheese - admin
[2021-07-16T20:11:52.851] [DEBUG] cheese - null
[2021-07-16T20:11:52.851] [DEBUG] cheese - null
[2021-07-17T12:54:37.989] [DEBUG] cheese - login => username:admin,password:123456
[2021-07-17T12:54:37.999] [DEBUG] cheese - admin
[2021-07-17T12:54:38.066] [DEBUG] cheese - null
[2021-07-17T12:54:38.068] [DEBUG] cheese - null
[2021-07-17T13:33:33.114] [DEBUG] cheese - login => username:admin,password:123456
[2021-07-17T13:33:33.115] [DEBUG] cheese - admin
[2021-07-17T13:33:33.137] [DEBUG] cheese - null
[2021-07-17T13:33:33.137] [DEBUG] cheese - null
[2021-07-17T13:35:50.999] [DEBUG] cheese - login => username:admin,password:123456
[2021-07-17T13:35:51.000] [DEBUG] cheese - admin
[2021-07-17T13:35:51.009] [DEBUG] cheese - null
[2021-07-17T13:35:51.010] [DEBUG] cheese - null
[2021-07-18T14:01:14.532] [DEBUG] cheese - login => username:admin,password:123456
[2021-07-18T14:01:14.538] [DEBUG] cheese - admin
[2021-07-18T14:01:14.587] [DEBUG] cheese - null
[2021-07-18T14:01:14.589] [DEBUG] cheese - null
[2021-07-18T15:15:21.354] [DEBUG] cheese - login => username:admin,password:123456
[2021-07-18T15:15:21.357] [DEBUG] cheese - admin
[2021-07-18T15:15:21.380] [DEBUG] cheese - null
[2021-07-18T15:15:21.381] [DEBUG] cheese - null
[2021-07-18T15:25:51.470] [DEBUG] cheese - login => username:admin,password:123457
[2021-07-18T15:25:51.471] [DEBUG] cheese - admin
[2021-07-18T15:25:51.492] [DEBUG] cheese - null
[2021-07-18T15:25:51.493] [DEBUG] cheese - null
[2021-07-18T15:25:54.725] [DEBUG] cheese - login => username:admin,password:1234578
[2021-07-18T15:25:54.725] [DEBUG] cheese - admin
[2021-07-18T15:25:54.738] [DEBUG] cheese - null
[2021-07-18T15:25:54.738] [DEBUG] cheese - null
[2021-07-18T15:25:58.162] [DEBUG] cheese - login => username:admin,password:123456
[2021-07-18T15:25:58.162] [DEBUG] cheese - admin
[2021-07-18T15:25:58.171] [DEBUG] cheese - null
[2021-07-18T15:25:58.171] [DEBUG] cheese - null
[2021-07-19T13:20:52.302] [DEBUG] cheese - login => username:admin,password:123456
[2021-07-19T13:20:52.306] [DEBUG] cheese - admin
[2021-07-19T13:20:52.354] [DEBUG] cheese - null
[2021-07-19T13:20:52.355] [DEBUG] cheese - null
[2021-07-19T13:50:01.611] [DEBUG] cheese - login => username:admin,password:123456
[2021-07-19T13:50:01.612] [DEBUG] cheese - admin
[2021-07-19T13:50:01.621] [DEBUG] cheese - null
[2021-07-19T13:50:01.621] [DEBUG] cheese - null
[2021-07-19T14:24:51.106] [DEBUG] cheese - login => username:admin,password:123456
[2021-07-19T14:24:51.111] [DEBUG] cheese - admin
[2021-07-19T14:24:51.173] [DEBUG] cheese - null
[2021-07-19T14:24:51.174] [DEBUG] cheese - null
[2021-07-20T14:52:16.630] [DEBUG] cheese - login => username:admin,password:123456
[2021-07-20T14:52:16.638] [DEBUG] cheese - admin
[2021-07-20T14:52:16.735] [DEBUG] cheese - null
[2021-07-20T14:52:16.737] [DEBUG] cheese - null
[2021-07-22T13:09:04.271] [DEBUG] cheese - login => username:admin,password:123456
[2021-07-22T13:09:04.278] [DEBUG] cheese - admin
[2021-07-22T13:09:04.476] [DEBUG] cheese - null
[2021-07-22T13:09:04.477] [DEBUG] cheese - null
[2021-07-22T15:15:37.506] [DEBUG] cheese - login => username:admin,password:123456
[2021-07-22T15:15:37.506] [DEBUG] cheese - admin
[2021-07-22T15:15:37.526] [DEBUG] cheese - null
[2021-07-22T15:15:37.526] [DEBUG] cheese - null
[2021-07-22T15:44:04.292] [DEBUG] cheese - null
[2021-07-23T14:12:29.060] [DEBUG] cheese - login => username:admin,password:123456
[2021-07-23T14:12:29.064] [DEBUG] cheese - admin
[2021-07-23T14:12:29.116] [DEBUG] cheese - null
[2021-07-23T14:12:29.117] [DEBUG] cheese - null
[2021-07-25T13:10:26.101] [DEBUG] cheese - login => username:admin,password:123456
[2021-07-25T13:10:26.108] [DEBUG] cheese - admin
[2021-07-25T13:10:26.198] [DEBUG] cheese - null
[2021-07-25T13:10:26.200] [DEBUG] cheese - null
[2021-07-25T14:16:29.489] [DEBUG] cheese - login => username:admin,password:123123
[2021-07-25T14:16:29.492] [DEBUG] cheese - admin
[2021-07-25T14:16:29.530] [DEBUG] cheese - null
[2021-07-25T14:16:29.530] [DEBUG] cheese - null
[2021-07-25T14:16:33.255] [DEBUG] cheese - login => username:admin,password:123456
[2021-07-25T14:16:33.256] [DEBUG] cheese - admin
[2021-07-25T14:16:33.258] [DEBUG] cheese - null
[2021-07-25T14:16:33.258] [DEBUG] cheese - null
[2021-07-25T15:05:24.519] [DEBUG] cheese - login => username:admin,password:123456
[2021-07-25T15:05:24.526] [DEBUG] cheese - admin
[2021-07-25T15:05:24.541] [DEBUG] cheese - null
[2021-07-25T15:05:24.541] [DEBUG] cheese - null
[2021-07-28T14:15:47.603] [DEBUG] cheese - login => username:admin,password:123456
[2021-07-28T14:15:47.610] [DEBUG] cheese - admin
[2021-07-28T14:15:47.670] [DEBUG] cheese - null
[2021-07-28T14:15:47.670] [DEBUG] cheese - null
[2021-07-28T15:09:52.663] [DEBUG] cheese - login => username:admin,password:123456
[2021-07-28T15:09:52.673] [DEBUG] cheese - admin
[2021-07-28T15:09:52.726] [DEBUG] cheese - null
[2021-07-28T15:09:52.729] [DEBUG] cheese - null
[2021-07-29T15:00:25.383] [DEBUG] cheese - login => username:admin,password:123456
[2021-07-29T15:00:25.390] [DEBUG] cheese - admin
[2021-07-29T15:00:25.451] [DEBUG] cheese - null
[2021-07-29T15:00:25.453] [DEBUG] cheese - null
[2021-07-29T18:35:32.761] [DEBUG] cheese - login => username:admin,password:123456
[2021-07-29T18:35:32.782] [DEBUG] cheese - admin
[2021-07-29T18:35:32.919] [DEBUG] cheese - null
[2021-07-29T18:35:32.920] [DEBUG] cheese - null
[2021-07-29T18:43:36.335] [DEBUG] cheese - login => username:admin,password:123456
[2021-07-29T18:43:36.355] [DEBUG] cheese - admin
[2021-07-29T18:43:36.404] [DEBUG] cheese - null
[2021-07-29T18:43:36.406] [DEBUG] cheese - null
[2021-07-30T15:23:53.135] [DEBUG] cheese - login => username:admin,password:123456
[2021-07-30T15:23:53.150] [DEBUG] cheese - admin
[2021-07-30T15:23:53.339] [DEBUG] cheese - null
[2021-07-30T15:23:53.340] [DEBUG] cheese - null
[2021-07-30T15:48:29.026] [DEBUG] cheese - login => username:admin,password:123456
[2021-07-30T15:48:29.035] [DEBUG] cheese - admin
[2021-07-30T15:48:29.159] [DEBUG] cheese - null
[2021-07-30T15:48:29.160] [DEBUG] cheese - null
[2021-07-30T15:50:01.289] [DEBUG] cheese - login => username:admin,password:123456
[2021-07-30T15:50:01.289] [DEBUG] cheese - admin
[2021-07-30T15:50:01.308] [DEBUG] cheese - null
[2021-07-30T15:50:01.309] [DEBUG] cheese - null
[2021-07-30T16:02:06.802] [DEBUG] cheese - login => username:admin,password:123456
[2021-07-30T16:02:06.803] [DEBUG] cheese - admin
[2021-07-30T16:02:06.838] [DEBUG] cheese - null
[2021-07-30T16:02:06.839] [DEBUG] cheese - null
[2021-07-30T16:08:23.146] [DEBUG] cheese - login => username:admin,password:123456
[2021-07-30T16:08:23.147] [DEBUG] cheese - admin
[2021-07-30T16:08:23.166] [DEBUG] cheese - null
[2021-07-30T16:08:23.166] [DEBUG] cheese - null
[2021-07-30T16:10:59.930] [DEBUG] cheese - login => username:admin,password:123456
[2021-07-30T16:10:59.930] [DEBUG] cheese - admin
[2021-07-30T16:10:59.950] [DEBUG] cheese - null
[2021-07-30T16:10:59.951] [DEBUG] cheese - null
[2021-07-30T16:14:35.723] [DEBUG] cheese - login => username:admin,password:123456
[2021-07-30T16:14:35.724] [DEBUG] cheese - admin
[2021-07-30T16:14:35.738] [DEBUG] cheese - null
[2021-07-30T16:14:35.739] [DEBUG] cheese - null
[2021-07-30T16:18:02.207] [DEBUG] cheese - login => username:admin,password:123456
[2021-07-30T16:18:02.207] [DEBUG] cheese - admin
[2021-07-30T16:18:02.217] [DEBUG] cheese - null
[2021-07-30T16:18:02.217] [DEBUG] cheese - null
[2021-07-30T16:48:08.802] [DEBUG] cheese - login => username:admin,password:123456
[2021-07-30T16:48:08.803] [DEBUG] cheese - admin
[2021-07-30T16:48:08.815] [DEBUG] cheese - null
[2021-07-30T16:48:08.815] [DEBUG] cheese - null
[2021-07-30T16:49:02.616] [DEBUG] cheese - login => username:admin,password:123456
[2021-07-30T16:49:02.625] [DEBUG] cheese - admin
[2021-07-30T16:49:02.668] [DEBUG] cheese - null
[2021-07-30T16:49:02.670] [DEBUG] cheese - null
